No Customer Found wit id 4  Saturday 01-02-2021 20:22:44 EST
No Customer Found wit id 0  Saturday 01-02-2021 20:23:00 EST
Details of customer with id of 3  Saturday 01-02-2021 20:23:10 EST
Customer [customer_id=3, first_name=Fabidaly, last_name=Valera, dob=12/4/2006, gender=F, ssn=111-11-1111, state_id=111 111 111, street=313 Gates Place, apt=1E, city=Bronx, state=NY, zip=86753, email=Fabidaly@gmail.com, phone=342423333]  Saturday 01-02-2021 20:23:10 EST
Details of customer with id of 3  Saturday 01-02-2021 20:24:59 EST
Customer [customer_id=3, first_name=Fabidaly, last_name=Valera, dob=12/4/2006, gender=F, ssn=111-11-1111, state_id=111 111 111, street=313 Gates Place, apt=1E, city=Bronx, state=NY, zip=86753, email=Fabidaly@gmail.com, phone=342423333]  Saturday 01-02-2021 20:24:59 EST
Details of customer with id of 1  Saturday 01-02-2021 20:25:03 EST
Customer [customer_id=1, first_name=Juan, last_name=Alcantara, dob=1990-01-02 -05, gender=M, ssn=000-00-0000, state_id=000 000 000 , street=183 Creston Ave, apt=3A, city=Bronx, state=NY, zip=10468, email=juan231f@yahoo.com, phone=6265552222]  Saturday 01-02-2021 20:25:03 EST
Found 3 no of customers in DB... printing details  Saturday 01-02-2021 20:44:26 EST


Found 3 no of customers in DB... printing them all  Saturday 01-02-2021 20:46:50 EST
Customer [customer_id=1, first_name=Juan, last_name=Alcantara, dob=1990-01-02 -05, gender=M, ssn=000-00-0000, state_id=000 000 000 , street=183 Creston Ave, apt=3A, city=Bronx, state=NY, zip=10468, email=juan231f@yahoo.com, phone=6265552222]  Saturday 01-02-2021 20:46:50 EST
Customer [customer_id=2, first_name=Jissela, last_name=Murillo, dob=1990-01-30 -05, gender=F, ssn=000-00-0001, state_id=000 000 001, street=123 Targee St, apt=null, city=Staten Island, state=NY, zip=10304, email=jissela@yahoo.com, phone=9175553333]  Saturday 01-02-2021 20:46:50 EST
Customer [customer_id=3, first_name=Fabidaly, last_name=Valera, dob=12/4/2006, gender=F, ssn=111-11-1111, state_id=111 111 111, street=313 Gates Place, apt=1E, city=Bronx, state=NY, zip=86753, email=Fabidaly@gmail.com, phone=342423333]  Saturday 01-02-2021 20:46:50 EST


Found 3 customers in the DB...  Saturday 01-02-2021 20:47:26 EST
Customer [customer_id=1, first_name=Juan, last_name=Alcantara, dob=1990-01-02 -05, gender=M, ssn=000-00-0000, state_id=000 000 000 , street=183 Creston Ave, apt=3A, city=Bronx, state=NY, zip=10468, email=juan231f@yahoo.com, phone=6265552222]  Saturday 01-02-2021 20:47:26 EST
Customer [customer_id=2, first_name=Jissela, last_name=Murillo, dob=1990-01-30 -05, gender=F, ssn=000-00-0001, state_id=000 000 001, street=123 Targee St, apt=null, city=Staten Island, state=NY, zip=10304, email=jissela@yahoo.com, phone=9175553333]  Saturday 01-02-2021 20:47:26 EST
Customer [customer_id=3, first_name=Fabidaly, last_name=Valera, dob=12/4/2006, gender=F, ssn=111-11-1111, state_id=111 111 111, street=313 Gates Place, apt=1E, city=Bronx, state=NY, zip=86753, email=Fabidaly@gmail.com, phone=342423333]  Saturday 01-02-2021 20:47:26 EST


Found 3 customers in the DB...  Saturday 01-02-2021 20:48:34 EST
Customer [customer_id=1, first_name=Juan, last_name=Alcantara, dob=1990-01-02 -05, gender=M, ssn=000-00-0000, state_id=000 000 000 , street=183 Creston Ave, apt=3A, city=Bronx, state=NY, zip=10468, email=juan231f@yahoo.com, phone=6265552222]  Saturday 01-02-2021 20:48:34 EST
Customer [customer_id=2, first_name=Jissela, last_name=Murillo, dob=1990-01-30 -05, gender=F, ssn=000-00-0001, state_id=000 000 001, street=123 Targee St, apt=null, city=Staten Island, state=NY, zip=10304, email=jissela@yahoo.com, phone=9175553333]  Saturday 01-02-2021 20:48:34 EST
Customer [customer_id=3, first_name=Fabidaly, last_name=Valera, dob=12/4/2006, gender=F, ssn=111-11-1111, state_id=111 111 111, street=313 Gates Place, apt=1E, city=Bronx, state=NY, zip=86753, email=Fabidaly@gmail.com, phone=342423333]  Saturday 01-02-2021 20:48:34 EST

Found 3 customers in the DB...  Saturday 01-02-2021 20:48:46 EST
Customer [customer_id=1, first_name=Juan, last_name=Alcantara, dob=1990-01-02 -05, gender=M, ssn=000-00-0000, state_id=000 000 000 , street=183 Creston Ave, apt=3A, city=Bronx, state=NY, zip=10468, email=juan231f@yahoo.com, phone=6265552222]  Saturday 01-02-2021 20:48:46 EST
Customer [customer_id=2, first_name=Jissela, last_name=Murillo, dob=1990-01-30 -05, gender=F, ssn=000-00-0001, state_id=000 000 001, street=123 Targee St, apt=null, city=Staten Island, state=NY, zip=10304, email=jissela@yahoo.com, phone=9175553333]  Saturday 01-02-2021 20:48:46 EST
Customer [customer_id=3, first_name=Fabidaly, last_name=Valera, dob=12/4/2006, gender=F, ssn=111-11-1111, state_id=111 111 111, street=313 Gates Place, apt=1E, city=Bronx, state=NY, zip=86753, email=Fabidaly@gmail.com, phone=342423333]  Saturday 01-02-2021 20:48:46 EST

Found 3 customers in the DB...  Sunday 01-03-2021 00:25:20 EST
Customer [customer_id=1, first_name=Juan, last_name=Alcantara, dob=1990-01-02 -05, gender=M, ssn=000-00-0000, state_id=000 000 000 , street=183 Creston Ave, apt=3A, city=Bronx, state=NY, zip=10468, email=juan231f@yahoo.com, phone=6265552222]  Sunday 01-03-2021 00:25:20 EST
Customer [customer_id=3, first_name=Fabidaly, last_name=Valera, dob=12/4/2006, gender=F, ssn=111-11-1111, state_id=111 111 111, street=313 Gates Place, apt=1E, city=Bronx, state=NY, zip=86753, email=Fabidaly@gmail.com, phone=342423333]  Sunday 01-03-2021 00:25:20 EST
Customer [customer_id=2, first_name=Jissela, last_name=Murillo, dob=1990-01-30 -05, gender=F, ssn=000-00-0001, state_id=000 000 001, street=123 Sakura St, apt=null, city=Staten Island, state=NY, zip=10304, email=jissela@yahoo.com, phone=9175553333]  Sunday 01-03-2021 00:25:20 EST

Found 3 customers in the DB...  Sunday 01-03-2021 00:26:51 EST
Customer [customer_id=1, first_name=Juan, last_name=Alcantara, dob=1990-01-02 -05, gender=M, ssn=000-00-0000, state_id=000 000 000 , street=183 Creston Ave, apt=3A, city=Bronx, state=NY, zip=10468, email=juan231f@yahoo.com, phone=6265552222]  Sunday 01-03-2021 00:26:51 EST
Customer [customer_id=3, first_name=Fabidaly, last_name=Valera, dob=12/4/2006, gender=F, ssn=111-11-1111, state_id=111 111 111, street=313 Gates Place, apt=1E, city=Bronx, state=NY, zip=86753, email=Fabidaly@gmail.com, phone=342423333]  Sunday 01-03-2021 00:26:51 EST
Customer [customer_id=2, first_name=Jissela, last_name=Murillo, dob=1990-01-30 -05, gender=F, ssn=000-00-0001, state_id=000 000 001, street=123 Sakura St, apt=null, city=Staten Island, state=NY, zip=10304, email=jissela@yahoo.com, phone=9175553333]  Sunday 01-03-2021 00:26:51 EST
